<?xml version="1.0" encoding="UTF-8"?>
<!-- Generated by org.testng.reporters.JUnitReportReporter -->
<testsuite hostname="IamAmar" failures="0" tests="1" name="com.api.test.LoginAPITest" time="2.337" errors="0" timestamp="2023-05-04T19:59:18 IST" skipped="0">
  <testcase classname="com.api.test.LoginAPITest" name="test_login_api" time="2.337"/>
  <system-out/>
</testsuite> <!-- com.api.test.LoginAPITest -->
