<?xml version="1.0" encoding="UTF-8"?>
<!-- Generated by org.testng.reporters.JUnitReportReporter -->
<testsuite hostname="IamAmar" failures="0" tests="1" name="com.api.test.CreateJobAPITest" time="3.516" errors="0" timestamp="2023-07-02T00:57:00 IST" skipped="0">
  <testcase classname="com.api.test.CreateJobAPITest" name="test_create_job_api" time="3.516"/>
  <system-out/>
</testsuite> <!-- com.api.test.CreateJobAPITest -->
