<?xml version="1.0" encoding="UTF-8"?>
<!-- Generated by org.testng.reporters.JUnitReportReporter -->
<testsuite hostname="IamAmar" failures="0" tests="4" name="com.api.test.LoginAPITestFromCSVFileData" time="4.070" errors="0" timestamp="2023-05-02T12:31:27 IST" skipped="0">
  <testcase classname="com.api.test.LoginAPITestFromCSVFileData" name="test_login_api" time="0.189"/>
  <system-out/>
  <testcase classname="com.api.test.LoginAPITestFromCSVFileData" name="test_login_api" time="2.977"/>
  <system-out/>
  <testcase classname="com.api.test.LoginAPITestFromCSVFileData" name="test_login_api" time="0.741"/>
  <system-out/>
  <testcase classname="com.api.test.LoginAPITestFromCSVFileData" name="test_login_api" time="0.163"/>
  <system-out/>
</testsuite> <!-- com.api.test.LoginAPITestFromCSVFileData -->
