<?xml version="1.0" encoding="UTF-8"?>
<!-- Generated by org.testng.reporters.JUnitReportReporter -->
<testsuite hostname="IamAmar" failures="0" tests="4" name="com.api.test.LoginAPITestFromExcelData" time="5.469" errors="0" timestamp="2023-05-04T03:36:01 IST" skipped="0">
  <testcase classname="com.api.test.LoginAPITestFromExcelData" name="test_login_api" time="0.191"/>
  <system-out/>
  <testcase classname="com.api.test.LoginAPITestFromExcelData" name="test_login_api" time="1.062"/>
  <system-out/>
  <testcase classname="com.api.test.LoginAPITestFromExcelData" name="test_login_api" time="4.010"/>
  <system-out/>
  <testcase classname="com.api.test.LoginAPITestFromExcelData" name="test_login_api" time="0.206"/>
  <system-out/>
</testsuite> <!-- com.api.test.LoginAPITestFromExcelData -->
