<?xml version="1.0" encoding="UTF-8"?>
<!-- Generated by org.testng.reporters.JUnitReportReporter -->
<testsuite hostname="IamAmar" failures="0" tests="1" name="com.ui.test.LoginTest" time="6.553" errors="0" timestamp="2023-07-18T18:52:56 IST" skipped="0">
  <testcase classname="com.ui.test.LoginTest" name="verifyUserLogin" time="6.553"/>
  <system-out/>
</testsuite> <!-- com.ui.test.LoginTest -->
