<?xml version="1.0" encoding="UTF-8"?>
<!-- Generated by org.testng.reporters.JUnitReportReporter -->
<testsuite hostname="IamAmar" failures="0" tests="1" name="com.ui.test.LoginTest" time="7.767" errors="0" timestamp="2023-08-21T00:29:58 IST" skipped="0">
  <testcase classname="com.ui.test.LoginTest" name="verifyUserLogin" time="7.767"/>
  <system-out/>
</testsuite> <!-- com.ui.test.LoginTest -->
